<?xml version="1.0" encoding="UTF-8"?>
<robot generator="Robot 6.1 (Python 3.10.10 on win32)" generated="20230705 17:03:42.341" rpa="false" schemaversion="4">
<suite id="s1" name="ComprarRecargaTest" source="D:\Documents\Robot\Tests\ComprarRecargaTest.robot">
<test id="s1-t1" name="Login MiClaroWeb" line="14">
<kw name="Abrir Navegador" library="Common">
<arg>${url}</arg>
<arg>${browser}</arg>
<kw name="Open Browser" library="SeleniumLibrary">
<arg>${site_url}</arg>
<arg>${browser}</arg>
<doc>Opens a new browser instance to the optional ``url``.</doc>
<msg timestamp="20230705 17:03:42.840" level="INFO">Opening browser 'Chrome' to base url 'https://victorious-ocean-01ba6080f.1.azurestaticapps.net/login'.</msg>
<status status="PASS" starttime="20230705 17:03:42.838" endtime="20230705 17:03:49.671"/>
</kw>
<kw name="Maximize Browser Window" library="SeleniumLibrary">
<doc>Maximizes current browser window.</doc>
<status status="PASS" starttime="20230705 17:03:49.671" endtime="20230705 17:03:49.887"/>
</kw>
<kw name="Execute Javascript" library="SeleniumLibrary">
<arg>document.body.style.zoom = '110%'</arg>
<doc>Executes the given JavaScript code with possible arguments.</doc>
<msg timestamp="20230705 17:03:49.888" level="INFO">Executing JavaScript:
document.body.style.zoom = '110%'
Without any arguments.</msg>
<status status="PASS" starttime="20230705 17:03:49.887" endtime="20230705 17:03:49.903"/>
</kw>
<kw name="Wait Until Element Is Visible" library="SeleniumLibrary">
<arg>${InputName}</arg>
<arg>timeout=10s</arg>
<doc>Waits until the element ``locator`` is visible.</doc>
<status status="PASS" starttime="20230705 17:03:49.904" endtime="20230705 17:03:56.098"/>
</kw>
<status status="PASS" starttime="20230705 17:03:42.837" endtime="20230705 17:03:56.098"/>
</kw>
<kw name="Login MiClaroWeb" library="Login">
<kw name="Input Text" library="SeleniumLibrary">
<arg>${InputName}</arg>
<arg>${email}</arg>
<doc>Types the given ``text`` into the text field identified by ``locator``.</doc>
<msg timestamp="20230705 17:03:56.101" level="INFO">Typing text 'scarmelendez@gmail.com' into text field '//input[@name='email']'.</msg>
<status status="PASS" starttime="20230705 17:03:56.099" endtime="20230705 17:03:56.902"/>
</kw>
<kw name="Input Text" library="SeleniumLibrary">
<arg>${InputPassword}</arg>
<arg>${password}</arg>
<doc>Types the given ``text`` into the text field identified by ``locator``.</doc>
<msg timestamp="20230705 17:03:56.904" level="INFO">Typing text 'Miclaro1' into text field '//input[@name='password']'.</msg>
<status status="PASS" starttime="20230705 17:03:56.902" endtime="20230705 17:03:57.353"/>
</kw>
<kw name="Execute Javascript" library="SeleniumLibrary">
<arg>document.querySelector("input.btn.btnPrimario").click()</arg>
<doc>Executes the given JavaScript code with possible arguments.</doc>
<msg timestamp="20230705 17:03:57.355" level="INFO">Executing JavaScript:
document.querySelector("input.btn.btnPrimario").click()
Without any arguments.</msg>
<status status="PASS" starttime="20230705 17:03:57.353" endtime="20230705 17:03:57.481"/>
</kw>
<status status="PASS" starttime="20230705 17:03:56.099" endtime="20230705 17:03:57.482"/>
</kw>
<doc>Test de prueba login mi Claro Web</doc>
<tag>login</tag>
<status status="PASS" starttime="20230705 17:03:42.835" endtime="20230705 17:03:57.482"/>
</test>
<test id="s1-t2" name="Escoger Opcion" line="20">
<kw name="Ingreso Opcion" library="ComprarRecarga">
<kw name="Wait Until Element Is Visible" library="SeleniumLibrary">
<arg>${OpcionModulo}</arg>
<arg>timeout=30</arg>
<doc>Waits until the element ``locator`` is visible.</doc>
<status status="PASS" starttime="20230705 17:03:57.486" endtime="20230705 17:04:03.136"/>
</kw>
<kw name="Wait Until Element Is Not Visible" library="SeleniumLibrary">
<arg>${interceptor}</arg>
<arg>timeout=30s</arg>
<doc>Waits until the element ``locator`` is not visible.</doc>
<status status="PASS" starttime="20230705 17:04:03.136" endtime="20230705 17:04:03.862"/>
</kw>
<kw name="Scroll al elemento" library="Common">
<arg>${OpcionModulo}</arg>
<kw name="Wait Until Element Is Visible" library="SeleniumLibrary">
<arg>${locator}</arg>
<arg>timeout=30</arg>
<doc>Waits until the element ``locator`` is visible.</doc>
<status status="PASS" starttime="20230705 17:04:03.863" endtime="20230705 17:04:03.908"/>
</kw>
<kw name="Scroll Element Into View" library="SeleniumLibrary">
<arg>${locator}</arg>
<doc>Scrolls the element identified by ``locator`` into view.</doc>
<status status="PASS" starttime="20230705 17:04:03.908" endtime="20230705 17:04:04.220"/>
</kw>
<status status="PASS" starttime="20230705 17:04:03.863" endtime="20230705 17:04:04.220"/>
</kw>
<kw name="Click Elemento" library="Common">
<arg>${OpcionModulo}</arg>
<kw name="Wait Until Page Contains Element" library="SeleniumLibrary">
<arg>${locator}</arg>
<arg>timeout=10s</arg>
<doc>Waits until the element ``locator`` appears on the current page.</doc>
<status status="PASS" starttime="20230705 17:04:04.221" endtime="20230705 17:04:04.234"/>
</kw>
<kw name="Wait Until Element Is Visible" library="SeleniumLibrary">
<arg>${locator}</arg>
<doc>Waits until the element ``locator`` is visible.</doc>
<status status="PASS" starttime="20230705 17:04:04.234" endtime="20230705 17:04:04.259"/>
</kw>
<kw name="Click Element" library="SeleniumLibrary">
<arg>${locator}</arg>
<doc>Click the element identified by ``locator``.</doc>
<msg timestamp="20230705 17:04:04.260" level="INFO">Clicking element '//a[@class='ancla1' and text()='Comprar']'.</msg>
<status status="PASS" starttime="20230705 17:04:04.259" endtime="20230705 17:04:04.413"/>
</kw>
<status status="PASS" starttime="20230705 17:04:04.220" endtime="20230705 17:04:04.413"/>
</kw>
<kw name="Wait Until Element Is Not Visible" library="SeleniumLibrary">
<arg>${interceptor}</arg>
<arg>timeout=30s</arg>
<doc>Waits until the element ``locator`` is not visible.</doc>
<status status="PASS" starttime="20230705 17:04:04.413" endtime="20230705 17:04:04.449"/>
</kw>
<kw name="Scroll al elemento" library="Common">
<arg>${ComprarPaquete}</arg>
<kw name="Wait Until Element Is Visible" library="SeleniumLibrary">
<arg>${locator}</arg>
<arg>timeout=30</arg>
<doc>Waits until the element ``locator`` is visible.</doc>
<status status="PASS" starttime="20230705 17:04:04.450" endtime="20230705 17:04:04.500"/>
</kw>
<kw name="Scroll Element Into View" library="SeleniumLibrary">
<arg>${locator}</arg>
<doc>Scrolls the element identified by ``locator`` into view.</doc>
<status status="PASS" starttime="20230705 17:04:04.500" endtime="20230705 17:04:04.828"/>
</kw>
<status status="PASS" starttime="20230705 17:04:04.449" endtime="20230705 17:04:04.828"/>
</kw>
<kw name="Click Elemento" library="Common">
<arg>${ComprarPaquete}</arg>
<kw name="Wait Until Page Contains Element" library="SeleniumLibrary">
<arg>${locator}</arg>
<arg>timeout=10s</arg>
<doc>Waits until the element ``locator`` appears on the current page.</doc>
<status status="PASS" starttime="20230705 17:04:04.829" endtime="20230705 17:04:04.936"/>
</kw>
<kw name="Wait Until Element Is Visible" library="SeleniumLibrary">
<arg>${locator}</arg>
<doc>Waits until the element ``locator`` is visible.</doc>
<status status="PASS" starttime="20230705 17:04:04.937" endtime="20230705 17:04:04.987"/>
</kw>
<kw name="Click Element" library="SeleniumLibrary">
<arg>${locator}</arg>
<doc>Click the element identified by ``locator``.</doc>
<msg timestamp="20230705 17:04:04.990" level="INFO">Clicking element '//a[text()='Paquetes y Recargas']'.</msg>
<status status="PASS" starttime="20230705 17:04:04.987" endtime="20230705 17:04:05.134"/>
</kw>
<status status="PASS" starttime="20230705 17:04:04.828" endtime="20230705 17:04:05.134"/>
</kw>
<kw name="Esperar elemento" library="Common">
<var>${elemento}</var>
<arg>${ValidateComprarRecarga}</arg>
<kw name="Sleep" library="BuiltIn">
<arg>5s</arg>
<doc>Pauses the test executed for the given time.</doc>
<msg timestamp="20230705 17:04:10.149" level="INFO">Slept 5 seconds</msg>
<status status="PASS" starttime="20230705 17:04:05.135" endtime="20230705 17:04:10.149"/>
</kw>
<kw name="Run Keyword And Return Status" library="BuiltIn">
<var>${element_visible}</var>
<arg>Wait Until Element Is Visible</arg>
<arg>${locator}</arg>
<arg>timeout=30s</arg>
<doc>Runs the given keyword with given arguments and returns the status as a Boolean value.</doc>
<kw name="Wait Until Element Is Visible" library="SeleniumLibrary">
<arg>${locator}</arg>
<arg>timeout=30s</arg>
<doc>Waits until the element ``locator`` is visible.</doc>
<status status="PASS" starttime="20230705 17:04:10.150" endtime="20230705 17:04:10.207"/>
</kw>
<msg timestamp="20230705 17:04:10.208" level="INFO">${element_visible} = True</msg>
<status status="PASS" starttime="20230705 17:04:10.149" endtime="20230705 17:04:10.208"/>
</kw>
<kw name="Run Keyword If" library="BuiltIn">
<arg>'${element_visible}' == 'True'</arg>
<arg>Set Global Variable</arg>
<arg>${valor}</arg>
<arg>${True}</arg>
<arg>ELSE</arg>
<arg>Set Global Variable</arg>
<arg>${valor}</arg>
<arg>${False}</arg>
<doc>Runs the given keyword with the given arguments, if ``condition`` is true.</doc>
<kw name="Set Global Variable" library="BuiltIn">
<arg>${valor}</arg>
<arg>${True}</arg>
<doc>Makes a variable available globally in all tests and suites.</doc>
<msg timestamp="20230705 17:04:10.210" level="INFO">${valor} = True</msg>
<status status="PASS" starttime="20230705 17:04:10.209" endtime="20230705 17:04:10.210"/>
</kw>
<status status="PASS" starttime="20230705 17:04:10.208" endtime="20230705 17:04:10.210"/>
</kw>
<msg timestamp="20230705 17:04:10.210" level="INFO">${elemento} = True</msg>
<status status="PASS" starttime="20230705 17:04:05.134" endtime="20230705 17:04:10.210"/>
</kw>
<kw name="Should Be True" library="BuiltIn">
<arg>${elemento}</arg>
<doc>Fails if the given condition is not true.</doc>
<status status="PASS" starttime="20230705 17:04:10.210" endtime="20230705 17:04:10.211"/>
</kw>
<status status="PASS" starttime="20230705 17:03:57.485" endtime="20230705 17:04:10.211"/>
</kw>
<kw name="Comprar Recarga" library="ComprarRecarga">
<kw name="Scroll al elemento" library="Common">
<arg>${txtRecarga}</arg>
<kw name="Wait Until Element Is Visible" library="SeleniumLibrary">
<arg>${locator}</arg>
<arg>timeout=30</arg>
<doc>Waits until the element ``locator`` is visible.</doc>
<status status="PASS" starttime="20230705 17:04:10.215" endtime="20230705 17:04:10.518"/>
</kw>
<kw name="Scroll Element Into View" library="SeleniumLibrary">
<arg>${locator}</arg>
<doc>Scrolls the element identified by ``locator`` into view.</doc>
<kw name="Capture Page Screenshot" library="SeleniumLibrary">
<doc>Takes a screenshot of the current page and embeds it into a log file.</doc>
<msg timestamp="20230705 17:04:11.134" level="INFO" html="true">&lt;/td&gt;&lt;/tr&gt;&lt;tr&gt;&lt;td colspan="3"&gt;&lt;a href="selenium-screenshot-12.png"&gt;&lt;img src="selenium-screenshot-12.png" width="800px"&gt;&lt;/a&gt;</msg>
<status status="PASS" starttime="20230705 17:04:10.585" endtime="20230705 17:04:11.134"/>
</kw>
<msg timestamp="20230705 17:04:11.134" level="FAIL">MoveTargetOutOfBoundsException: Message: move target out of bounds
  (Session info: chrome=114.0.5735.199)
Stacktrace:
Backtrace:
	GetHandleVerifier [0x0025A813+48355]
	(No symbol) [0x001EC4B1]
	(No symbol) [0x000F5220]
	(No symbol) [0x001536BD]
	(No symbol) [0x0013A73C]
	(No symbol) [0x0014C922]
	(No symbol) [0x0013A536]
	(No symbol) [0x001182DC]
	(No symbol) [0x001193DD]
	GetHandleVerifier [0x004BAABD+2539405]
	GetHandleVerifier [0x004FA78F+2800735]
	GetHandleVerifier [0x004F456C+2775612]
	GetHandleVerifier [0x002E51E0+616112]
	(No symbol) [0x001F5F8C]
	(No symbol) [0x001F2328]
	(No symbol) [0x001F240B]
	(No symbol) [0x001E4FF7]
	BaseThreadInitThunk [0x76E67D59+25]
	RtlInitializeExceptionChain [0x776EB74B+107]
	RtlClearBits [0x776EB6CF+191]
	(No symbol) [0x00000000]
</msg>
<status status="FAIL" starttime="20230705 17:04:10.519" endtime="20230705 17:04:11.140"/>
</kw>
<status status="FAIL" starttime="20230705 17:04:10.214" endtime="20230705 17:04:11.140"/>
</kw>
<kw name="Sleep" library="BuiltIn">
<arg>4s</arg>
<doc>Pauses the test executed for the given time.</doc>
<status status="NOT RUN" starttime="20230705 17:04:11.141" endtime="20230705 17:04:11.141"/>
</kw>
<kw name="Click Script" library="Common">
<arg>${btnComprar}</arg>
<status status="NOT RUN" starttime="20230705 17:04:11.141" endtime="20230705 17:04:11.141"/>
</kw>
<status status="FAIL" starttime="20230705 17:04:10.214" endtime="20230705 17:04:11.142"/>
</kw>
<status status="FAIL" starttime="20230705 17:03:57.484" endtime="20230705 17:04:11.269">MoveTargetOutOfBoundsException: Message: move target out of bounds
  (Session info: chrome=114.0.5735.199)
Stacktrace:
Backtrace:
	GetHandleVerifier [0x0025A813+48355]
	(No symbol) [0x001EC4B1]
	(No symbol) [0x000F5220]
	(No symbol) [0x001536BD]
	(No symbol) [0x0013A73C]
	(No symbol) [0x0014C922]
	(No symbol) [0x0013A536]
	(No symbol) [0x001182DC]
	(No symbol) [0x001193DD]
	GetHandleVerifier [0x004BAABD+2539405]
	GetHandleVerifier [0x004FA78F+2800735]
	GetHandleVerifier [0x004F456C+2775612]
	GetHandleVerifier [0x002E51E0+616112]
	(No symbol) [0x001F5F8C]
	(No symbol) [0x001F2328]
	(No symbol) [0x001F240B]
	(No symbol) [0x001E4FF7]
	BaseThreadInitThunk [0x76E67D59+25]
	RtlInitializeExceptionChain [0x776EB74B+107]
	RtlClearBits [0x776EB6CF+191]
	(No symbol) [0x00000000]
</status>
</test>
<doc>Login Functionality</doc>
<status status="FAIL" starttime="20230705 17:03:42.350" endtime="20230705 17:04:11.442"/>
</suite>
<statistics>
<total>
<stat pass="1" fail="1" skip="0">All Tests</stat>
</total>
<tag>
<stat pass="1" fail="0" skip="0">login</stat>
</tag>
<suite>
<stat pass="1" fail="1" skip="0" id="s1" name="ComprarRecargaTest">ComprarRecargaTest</stat>
</suite>
</statistics>
<errors>
</errors>
</robot>
